<?xml version="1.0" encoding="UTF-8"?>
<testsuites>
  <testsuite name="" tests="2" assertions="2" errors="0" warnings="0" failures="0" skipped="0" time="1.881038">
    <testsuite name="Project Test Suite" tests="2" assertions="2" errors="0" warnings="0" failures="0" skipped="0" time="1.881038">
      <testsuite name="App\Tests\RegistrationTest" file="/Users/shooterdev/Projet/ShooterDev/LAB/PHP/api_mangatheque/tests/RegistrationTest.php" tests="2" assertions="2" errors="0" warnings="0" failures="0" skipped="0" time="1.881038">
        <testsuite name="App\Tests\RegistrationTest::testSuccessfulRegistration" tests="2" assertions="2" errors="0" warnings="0" failures="0" skipped="0" time="1.881038">
          <testcase name="testSuccessfulRegistration with data set #0" class="App\Tests\RegistrationTest" classname="App.Tests.RegistrationTest" file="/Users/shooterdev/Projet/ShooterDev/LAB/PHP/api_mangatheque/tests/RegistrationTest.php" line="45" assertions="1" time="1.605494"/>
          <testcase name="testSuccessfulRegistration with data set #1" class="App\Tests\RegistrationTest" classname="App.Tests.RegistrationTest" file="/Users/shooterdev/Projet/ShooterDev/LAB/PHP/api_mangatheque/tests/RegistrationTest.php" line="45" assertions="1" time="0.275544"/>
        </testsuite>
      </testsuite>
    </testsuite>
  </testsuite>
</testsuites>
