<?xml version="1.0" encoding="UTF-8"?>
<testsuites>
  <testsuite name="" tests="4" assertions="4" errors="0" warnings="0" failures="0" skipped="0" time="6.939980">
    <testsuite name="Project Test Suite" tests="4" assertions="4" errors="0" warnings="0" failures="0" skipped="0" time="6.939980">
      <testsuite name="App\Tests\LoginTest" file="/Users/shooterdev/Projet/ShooterDev/LAB/PHP/api_mangatheque/tests/LoginTest.php" tests="2" assertions="2" errors="0" warnings="0" failures="0" skipped="0" time="5.954252">
        <testsuite name="App\Tests\LoginTest::testSuccessfulLogin" tests="2" assertions="2" errors="0" warnings="0" failures="0" skipped="0" time="5.954252">
          <testcase name="testSuccessfulLogin with data set #0" class="App\Tests\LoginTest" classname="App.Tests.LoginTest" file="/Users/shooterdev/Projet/ShooterDev/LAB/PHP/api_mangatheque/tests/LoginTest.php" line="41" assertions="1" time="5.905859"/>
          <testcase name="testSuccessfulLogin with data set #1" class="App\Tests\LoginTest" classname="App.Tests.LoginTest" file="/Users/shooterdev/Projet/ShooterDev/LAB/PHP/api_mangatheque/tests/LoginTest.php" line="41" assertions="1" time="0.048394"/>
        </testsuite>
      </testsuite>
      <testsuite name="App\Tests\RegistrationTest" file="/Users/shooterdev/Projet/ShooterDev/LAB/PHP/api_mangatheque/tests/RegistrationTest.php" tests="2" assertions="2" errors="0" warnings="0" failures="0" skipped="0" time="0.985728">
        <testsuite name="App\Tests\RegistrationTest::testSuccessfulRegistration" tests="2" assertions="2" errors="0" warnings="0" failures="0" skipped="0" time="0.985728">
          <testcase name="testSuccessfulRegistration with data set #0" class="App\Tests\RegistrationTest" classname="App.Tests.RegistrationTest" file="/Users/shooterdev/Projet/ShooterDev/LAB/PHP/api_mangatheque/tests/RegistrationTest.php" line="45" assertions="1" time="0.640558"/>
          <testcase name="testSuccessfulRegistration with data set #1" class="App\Tests\RegistrationTest" classname="App.Tests.RegistrationTest" file="/Users/shooterdev/Projet/ShooterDev/LAB/PHP/api_mangatheque/tests/RegistrationTest.php" line="45" assertions="1" time="0.345170"/>
        </testsuite>
      </testsuite>
    </testsuite>
  </testsuite>
</testsuites>
