<?xml version="1.0" encoding="UTF-8"?>
<testsuites>
  <testsuite name="" tests="7" assertions="11" errors="0" warnings="0" failures="0" skipped="0" time="7.217540">
    <testsuite name="Project Test Suite" tests="7" assertions="11" errors="0" warnings="0" failures="0" skipped="0" time="7.217540">
      <testsuite name="App\Tests\ForgottenPasswordTest" file="/Users/shooterdev/Projet/ShooterDev/LAB/PHP/api_mangatheque/tests/ForgottenPasswordTest.php" tests="3" assertions="7" errors="0" warnings="0" failures="0" skipped="0" time="6.318430">
        <testsuite name="App\Tests\ForgottenPasswordTest::testSuccessfulForgottenPassword" tests="2" assertions="4" errors="0" warnings="0" failures="0" skipped="0" time="6.165821">
          <testcase name="testSuccessfulForgottenPassword with data set #0" class="App\Tests\ForgottenPasswordTest" classname="App.Tests.ForgottenPasswordTest" file="/Users/shooterdev/Projet/ShooterDev/LAB/PHP/api_mangatheque/tests/ForgottenPasswordTest.php" line="44" assertions="2" time="3.860191"/>
          <testcase name="testSuccessfulForgottenPassword with data set #1" class="App\Tests\ForgottenPasswordTest" classname="App.Tests.ForgottenPasswordTest" file="/Users/shooterdev/Projet/ShooterDev/LAB/PHP/api_mangatheque/tests/ForgottenPasswordTest.php" line="44" assertions="2" time="2.305630"/>
        </testsuite>
        <testsuite name="App\Tests\ForgottenPasswordTest::testBadRequest" tests="1" assertions="3" errors="0" warnings="0" failures="0" skipped="0" time="0.152610">
          <testcase name="testBadRequest with data set #0" class="App\Tests\ForgottenPasswordTest" classname="App.Tests.ForgottenPasswordTest" file="/Users/shooterdev/Projet/ShooterDev/LAB/PHP/api_mangatheque/tests/ForgottenPasswordTest.php" line="93" assertions="3" time="0.152610"/>
        </testsuite>
      </testsuite>
      <testsuite name="App\Tests\LoginTest" file="/Users/shooterdev/Projet/ShooterDev/LAB/PHP/api_mangatheque/tests/LoginTest.php" tests="2" assertions="2" errors="0" warnings="0" failures="0" skipped="0" time="0.211689">
        <testsuite name="App\Tests\LoginTest::testSuccessfulLogin" tests="2" assertions="2" errors="0" warnings="0" failures="0" skipped="0" time="0.211689">
          <testcase name="testSuccessfulLogin with data set #0" class="App\Tests\LoginTest" classname="App.Tests.LoginTest" file="/Users/shooterdev/Projet/ShooterDev/LAB/PHP/api_mangatheque/tests/LoginTest.php" line="41" assertions="1" time="0.171077"/>
          <testcase name="testSuccessfulLogin with data set #1" class="App\Tests\LoginTest" classname="App.Tests.LoginTest" file="/Users/shooterdev/Projet/ShooterDev/LAB/PHP/api_mangatheque/tests/LoginTest.php" line="41" assertions="1" time="0.040612"/>
        </testsuite>
      </testsuite>
      <testsuite name="App\Tests\RegistrationTest" file="/Users/shooterdev/Projet/ShooterDev/LAB/PHP/api_mangatheque/tests/RegistrationTest.php" tests="2" assertions="2" errors="0" warnings="0" failures="0" skipped="0" time="0.687421">
        <testsuite name="App\Tests\RegistrationTest::testSuccessfulRegistration" tests="2" assertions="2" errors="0" warnings="0" failures="0" skipped="0" time="0.687421">
          <testcase name="testSuccessfulRegistration with data set #0" class="App\Tests\RegistrationTest" classname="App.Tests.RegistrationTest" file="/Users/shooterdev/Projet/ShooterDev/LAB/PHP/api_mangatheque/tests/RegistrationTest.php" line="45" assertions="1" time="0.413344"/>
          <testcase name="testSuccessfulRegistration with data set #1" class="App\Tests\RegistrationTest" classname="App.Tests.RegistrationTest" file="/Users/shooterdev/Projet/ShooterDev/LAB/PHP/api_mangatheque/tests/RegistrationTest.php" line="45" assertions="1" time="0.274077"/>
        </testsuite>
      </testsuite>
    </testsuite>
  </testsuite>
</testsuites>
